[2025-07-14 12:03:25,466] INFO Reading configuration from: /opt/homebrew/etc/kafka/zookeeper.properties (org.apache.zookeeper.server.quorum.QuorumPeerConfig)
[2025-07-14 12:03:25,469] INFO clientPortAddress is 0.0.0.0:2181 (org.apache.zookeeper.server.quorum.QuorumPeerConfig)
[2025-07-14 12:03:25,469] INFO secureClientPort is not set (org.apache.zookeeper.server.quorum.QuorumPeerConfig)
[2025-07-14 12:03:25,469] INFO observerMasterPort is not set (org.apache.zookeeper.server.quorum.QuorumPeerConfig)
[2025-07-14 12:03:25,469] INFO metricsProvider.className is org.apache.zookeeper.metrics.impl.DefaultMetricsProvider (org.apache.zookeeper.server.quorum.QuorumPeerConfig)
[2025-07-14 12:03:25,470] INFO autopurge.snapRetainCount set to 3 (org.apache.zookeeper.server.DatadirCleanupManager)
[2025-07-14 12:03:25,470] INFO autopurge.purgeInterval set to 0 (org.apache.zookeeper.server.DatadirCleanupManager)
[2025-07-14 12:03:25,470] INFO Purge task is not scheduled. (org.apache.zookeeper.server.DatadirCleanupManager)
[2025-07-14 12:03:25,470] WARN Either no config or no quorum defined in config, running in standalone mode (org.apache.zookeeper.server.quorum.QuorumPeerMain)
[2025-07-14 12:03:25,471] INFO Log4j 1.2 jmx support not found; jmx disabled. (org.apache.zookeeper.jmx.ManagedUtil)
[2025-07-14 12:03:25,471] INFO Reading configuration from: /opt/homebrew/etc/kafka/zookeeper.properties (org.apache.zookeeper.server.quorum.QuorumPeerConfig)
[2025-07-14 12:03:25,471] INFO clientPortAddress is 0.0.0.0:2181 (org.apache.zookeeper.server.quorum.QuorumPeerConfig)
[2025-07-14 12:03:25,471] INFO secureClientPort is not set (org.apache.zookeeper.server.quorum.QuorumPeerConfig)
[2025-07-14 12:03:25,471] INFO observerMasterPort is not set (org.apache.zookeeper.server.quorum.QuorumPeerConfig)
[2025-07-14 12:03:25,471] INFO metricsProvider.className is org.apache.zookeeper.metrics.impl.DefaultMetricsProvider (org.apache.zookeeper.server.quorum.QuorumPeerConfig)
[2025-07-14 12:03:25,471] INFO Starting server (org.apache.zookeeper.server.ZooKeeperServerMain)
[2025-07-14 12:03:25,477] INFO ServerMetrics initialized with provider org.apache.zookeeper.metrics.impl.DefaultMetricsProvider@2aa3cd93 (org.apache.zookeeper.server.ServerMetrics)
[2025-07-14 12:03:25,479] INFO ACL digest algorithm is: SHA1 (org.apache.zookeeper.server.auth.DigestAuthenticationProvider)
[2025-07-14 12:03:25,479] INFO zookeeper.DigestAuthenticationProvider.enabled = true (org.apache.zookeeper.server.auth.DigestAuthenticationProvider)
[2025-07-14 12:03:25,480] INFO zookeeper.snapshot.trust.empty : false (org.apache.zookeeper.server.persistence.FileTxnSnapLog)
[2025-07-14 12:03:25,484] INFO  (org.apache.zookeeper.server.ZooKeeperServer)
[2025-07-14 12:03:25,485] INFO   ______                  _                                           (org.apache.zookeeper.server.ZooKeeperServer)
[2025-07-14 12:03:25,485] INFO  |___  /                 | |                                          (org.apache.zookeeper.server.ZooKeeperServer)
[2025-07-14 12:03:25,485] INFO     / /    ___     ___   | | __   ___    ___   _ __     ___   _ __    (org.apache.zookeeper.server.ZooKeeperServer)
[2025-07-14 12:03:25,485] INFO    / /    / _ \   / _ \  | |/ /  / _ \  / _ \ | '_ \   / _ \ | '__| (org.apache.zookeeper.server.ZooKeeperServer)
[2025-07-14 12:03:25,485] INFO   / /__  | (_) | | (_) | |   <  |  __/ |  __/ | |_) | |  __/ | |     (org.apache.zookeeper.server.ZooKeeperServer)
[2025-07-14 12:03:25,485] INFO  /_____|  \___/   \___/  |_|\_\  \___|  \___| | .__/   \___| |_| (org.apache.zookeeper.server.ZooKeeperServer)
[2025-07-14 12:03:25,485] INFO                                               | |                      (org.apache.zookeeper.server.ZooKeeperServer)
[2025-07-14 12:03:25,485] INFO                                               |_|                      (org.apache.zookeeper.server.ZooKeeperServer)
[2025-07-14 12:03:25,485] INFO  (org.apache.zookeeper.server.ZooKeeperServer)
[2025-07-14 12:03:25,487] INFO Server environment:zookeeper.version=3.8.4-9316c2a7a97e1666d8f4593f34dd6fc36ecc436c, built on 2024-02-12 22:16 UTC (org.apache.zookeeper.server.ZooKeeperServer)
[2025-07-14 12:03:25,487] INFO Server environment:host.name=localhost (org.apache.zookeeper.server.ZooKeeperServer)
[2025-07-14 12:03:25,487] INFO Server environment:java.version=22.0.1 (org.apache.zookeeper.server.ZooKeeperServer)
[2025-07-14 12:03:25,487] INFO Server environment:java.vendor=Oracle Corporation (org.apache.zookeeper.server.ZooKeeperServer)
[2025-07-14 12:03:25,487] INFO Server environment:java.home=/Users/rohithverma/Library/Java/JavaVirtualMachines/openjdk-22.0.1/Contents/Home (org.apache.zookeeper.server.ZooKeeperServer)
[2025-07-14 12:03:25,487] INFO Server environment:java.class.path=/opt/homebrew/Cellar/kafka/3.9.0/libexec/bin/../libs/activation-1.1.1.jar:/opt/homebrew/Cellar/kafka/3.9.0/libexec/bin/../libs/aopalliance-repackaged-2.6.1.jar:/opt/homebrew/Cellar/kafka/3.9.0/libexec/bin/../libs/argparse4j-0.7.0.jar:/opt/homebrew/Cellar/kafka/3.9.0/libexec/bin/../libs/audience-annotations-0.12.0.jar:/opt/homebrew/Cellar/kafka/3.9.0/libexec/bin/../libs/caffeine-2.9.3.jar:/opt/homebrew/Cellar/kafka/3.9.0/libexec/bin/../libs/commons-beanutils-1.9.4.jar:/opt/homebrew/Cellar/kafka/3.9.0/libexec/bin/../libs/commons-cli-1.4.jar:/opt/homebrew/Cellar/kafka/3.9.0/libexec/bin/../libs/commons-collections-3.2.2.jar:/opt/homebrew/Cellar/kafka/3.9.0/libexec/bin/../libs/commons-digester-2.1.jar:/opt/homebrew/Cellar/kafka/3.9.0/libexec/bin/../libs/commons-io-2.14.0.jar:/opt/homebrew/Cellar/kafka/3.9.0/libexec/bin/../libs/commons-lang3-3.12.0.jar:/opt/homebrew/Cellar/kafka/3.9.0/libexec/bin/../libs/commons-logging-1.2.jar:/opt/homebrew/Cellar/kafka/3.9.0/libexec/bin/../libs/commons-validator-1.7.jar:/opt/homebrew/Cellar/kafka/3.9.0/libexec/bin/../libs/connect-api-3.9.0.jar:/opt/homebrew/Cellar/kafka/3.9.0/libexec/bin/../libs/connect-basic-auth-extension-3.9.0.jar:/opt/homebrew/Cellar/kafka/3.9.0/libexec/bin/../libs/connect-json-3.9.0.jar:/opt/homebrew/Cellar/kafka/3.9.0/libexec/bin/../libs/connect-mirror-3.9.0.jar:/opt/homebrew/Cellar/kafka/3.9.0/libexec/bin/../libs/connect-mirror-client-3.9.0.jar:/opt/homebrew/Cellar/kafka/3.9.0/libexec/bin/../libs/connect-runtime-3.9.0.jar:/opt/homebrew/Cellar/kafka/3.9.0/libexec/bin/../libs/connect-transforms-3.9.0.jar:/opt/homebrew/Cellar/kafka/3.9.0/libexec/bin/../libs/error_prone_annotations-2.10.0.jar:/opt/homebrew/Cellar/kafka/3.9.0/libexec/bin/../libs/hk2-api-2.6.1.jar:/opt/homebrew/Cellar/kafka/3.9.0/libexec/bin/../libs/hk2-locator-2.6.1.jar:/opt/homebrew/Cellar/kafka/3.9.0/libexec/bin/../libs/hk2-utils-2.6.1.jar:/opt/homebrew/Cellar/kafka/3.9.0/libexec/bin/../libs/jackson-annotations-2.16.2.jar:/opt/homebrew/Cellar/kafka/3.9.0/libexec/bin/../libs/jackson-core-2.16.2.jar:/opt/homebrew/Cellar/kafka/3.9.0/libexec/bin/../libs/jackson-databind-2.16.2.jar:/opt/homebrew/Cellar/kafka/3.9.0/libexec/bin/../libs/jackson-dataformat-csv-2.16.2.jar:/opt/homebrew/Cellar/kafka/3.9.0/libexec/bin/../libs/jackson-datatype-jdk8-2.16.2.jar:/opt/homebrew/Cellar/kafka/3.9.0/libexec/bin/../libs/jackson-jaxrs-base-2.16.2.jar:/opt/homebrew/Cellar/kafka/3.9.0/libexec/bin/../libs/jackson-jaxrs-json-provider-2.16.2.jar:/opt/homebrew/Cellar/kafka/3.9.0/libexec/bin/../libs/jackson-module-afterburner-2.16.2.jar:/opt/homebrew/Cellar/kafka/3.9.0/libexec/bin/../libs/jackson-module-jaxb-annotations-2.16.2.jar:/opt/homebrew/Cellar/kafka/3.9.0/libexec/bin/../libs/jackson-module-scala_2.13-2.16.2.jar:/opt/homebrew/Cellar/kafka/3.9.0/libexec/bin/../libs/jakarta.activation-api-1.2.2.jar:/opt/homebrew/Cellar/kafka/3.9.0/libexec/bin/../libs/jakarta.annotation-api-1.3.5.jar:/opt/homebrew/Cellar/kafka/3.9.0/libexec/bin/../libs/jakarta.inject-2.6.1.jar:/opt/homebrew/Cellar/kafka/3.9.0/libexec/bin/../libs/jakarta.validation-api-2.0.2.jar:/opt/homebrew/Cellar/kafka/3.9.0/libexec/bin/../libs/jakarta.ws.rs-api-2.1.6.jar:/opt/homebrew/Cellar/kafka/3.9.0/libexec/bin/../libs/jakarta.xml.bind-api-2.3.3.jar:/opt/homebrew/Cellar/kafka/3.9.0/libexec/bin/../libs/javassist-3.29.2-GA.jar:/opt/homebrew/Cellar/kafka/3.9.0/libexec/bin/../libs/javax.activation-api-1.2.0.jar:/opt/homebrew/Cellar/kafka/3.9.0/libexec/bin/../libs/javax.annotation-api-1.3.2.jar:/opt/homebrew/Cellar/kafka/3.9.0/libexec/bin/../libs/javax.servlet-api-3.1.0.jar:/opt/homebrew/Cellar/kafka/3.9.0/libexec/bin/../libs/javax.ws.rs-api-2.1.1.jar:/opt/homebrew/Cellar/kafka/3.9.0/libexec/bin/../libs/jaxb-api-2.3.1.jar:/opt/homebrew/Cellar/kafka/3.9.0/libexec/bin/../libs/jersey-client-2.39.1.jar:/opt/homebrew/Cellar/kafka/3.9.0/libexec/bin/../libs/jersey-common-2.39.1.jar:/opt/homebrew/Cellar/kafka/3.9.0/libexec/bin/../libs/jersey-container-servlet-2.39.1.jar:/opt/homebrew/Cellar/kafka/3.9.0/libexec/bin/../libs/jersey-container-servlet-core-2.39.1.jar:/opt/homebrew/Cellar/kafka/3.9.0/libexec/bin/../libs/jersey-hk2-2.39.1.jar:/opt/homebrew/Cellar/kafka/3.9.0/libexec/bin/../libs/jersey-server-2.39.1.jar:/opt/homebrew/Cellar/kafka/3.9.0/libexec/bin/../libs/jetty-client-9.4.56.v20240826.jar:/opt/homebrew/Cellar/kafka/3.9.0/libexec/bin/../libs/jetty-continuation-9.4.56.v20240826.jar:/opt/homebrew/Cellar/kafka/3.9.0/libexec/bin/../libs/jetty-http-9.4.56.v20240826.jar:/opt/homebrew/Cellar/kafka/3.9.0/libexec/bin/../libs/jetty-io-9.4.56.v20240826.jar:/opt/homebrew/Cellar/kafka/3.9.0/libexec/bin/../libs/jetty-security-9.4.56.v20240826.jar:/opt/homebrew/Cellar/kafka/3.9.0/libexec/bin/../libs/jetty-server-9.4.56.v20240826.jar:/opt/homebrew/Cellar/kafka/3.9.0/libexec/bin/../libs/jetty-servlet-9.4.56.v20240826.jar:/opt/homebrew/Cellar/kafka/3.9.0/libexec/bin/../libs/jetty-servlets-9.4.56.v20240826.jar:/opt/homebrew/Cellar/kafka/3.9.0/libexec/bin/../libs/jetty-util-9.4.56.v20240826.jar:/opt/homebrew/Cellar/kafka/3.9.0/libexec/bin/../libs/jetty-util-ajax-9.4.56.v20240826.jar:/opt/homebrew/Cellar/kafka/3.9.0/libexec/bin/../libs/jline-3.25.1.jar:/opt/homebrew/Cellar/kafka/3.9.0/libexec/bin/../libs/jopt-simple-5.0.4.jar:/opt/homebrew/Cellar/kafka/3.9.0/libexec/bin/../libs/jose4j-0.9.4.jar:/opt/homebrew/Cellar/kafka/3.9.0/libexec/bin/../libs/jsr305-3.0.2.jar:/opt/homebrew/Cellar/kafka/3.9.0/libexec/bin/../libs/kafka_2.13-3.9.0.jar:/opt/homebrew/Cellar/kafka/3.9.0/libexec/bin/../libs/kafka-clients-3.9.0.jar:/opt/homebrew/Cellar/kafka/3.9.0/libexec/bin/../libs/kafka-group-coordinator-3.9.0.jar:/opt/homebrew/Cellar/kafka/3.9.0/libexec/bin/../libs/kafka-group-coordinator-api-3.9.0.jar:/opt/homebrew/Cellar/kafka/3.9.0/libexec/bin/../libs/kafka-metadata-3.9.0.jar:/opt/homebrew/Cellar/kafka/3.9.0/libexec/bin/../libs/kafka-raft-3.9.0.jar:/opt/homebrew/Cellar/kafka/3.9.0/libexec/bin/../libs/kafka-server-3.9.0.jar:/opt/homebrew/Cellar/kafka/3.9.0/libexec/bin/../libs/kafka-server-common-3.9.0.jar:/opt/homebrew/Cellar/kafka/3.9.0/libexec/bin/../libs/kafka-shell-3.9.0.jar:/opt/homebrew/Cellar/kafka/3.9.0/libexec/bin/../libs/kafka-storage-3.9.0.jar:/opt/homebrew/Cellar/kafka/3.9.0/libexec/bin/../libs/kafka-storage-api-3.9.0.jar:/opt/homebrew/Cellar/kafka/3.9.0/libexec/bin/../libs/kafka-streams-3.9.0.jar:/opt/homebrew/Cellar/kafka/3.9.0/libexec/bin/../libs/kafka-streams-examples-3.9.0.jar:/opt/homebrew/Cellar/kafka/3.9.0/libexec/bin/../libs/kafka-streams-scala_2.13-3.9.0.jar:/opt/homebrew/Cellar/kafka/3.9.0/libexec/bin/../libs/kafka-streams-test-utils-3.9.0.jar:/opt/homebrew/Cellar/kafka/3.9.0/libexec/bin/../libs/kafka-tools-3.9.0.jar:/opt/homebrew/Cellar/kafka/3.9.0/libexec/bin/../libs/kafka-tools-api-3.9.0.jar:/opt/homebrew/Cellar/kafka/3.9.0/libexec/bin/../libs/kafka-transaction-coordinator-3.9.0.jar:/opt/homebrew/Cellar/kafka/3.9.0/libexec/bin/../libs/lz4-java-1.8.0.jar:/opt/homebrew/Cellar/kafka/3.9.0/libexec/bin/../libs/maven-artifact-3.9.6.jar:/opt/homebrew/Cellar/kafka/3.9.0/libexec/bin/../libs/metrics-core-2.2.0.jar:/opt/homebrew/Cellar/kafka/3.9.0/libexec/bin/../libs/metrics-core-4.1.12.1.jar:/opt/homebrew/Cellar/kafka/3.9.0/libexec/bin/../libs/netty-buffer-4.1.111.Final.jar:/opt/homebrew/Cellar/kafka/3.9.0/libexec/bin/../libs/netty-codec-4.1.111.Final.jar:/opt/homebrew/Cellar/kafka/3.9.0/libexec/bin/../libs/netty-common-4.1.111.Final.jar:/opt/homebrew/Cellar/kafka/3.9.0/libexec/bin/../libs/netty-handler-4.1.111.Final.jar:/opt/homebrew/Cellar/kafka/3.9.0/libexec/bin/../libs/netty-resolver-4.1.111.Final.jar:/opt/homebrew/Cellar/kafka/3.9.0/libexec/bin/../libs/netty-transport-4.1.111.Final.jar:/opt/homebrew/Cellar/kafka/3.9.0/libexec/bin/../libs/netty-transport-classes-epoll-4.1.111.Final.jar:/opt/homebrew/Cellar/kafka/3.9.0/libexec/bin/../libs/netty-transport-native-epoll-4.1.111.Final.jar:/opt/homebrew/Cellar/kafka/3.9.0/libexec/bin/../libs/netty-transport-native-unix-common-4.1.111.Final.jar:/opt/homebrew/Cellar/kafka/3.9.0/libexec/bin/../libs/opentelemetry-proto-1.0.0-alpha.jar:/opt/homebrew/Cellar/kafka/3.9.0/libexec/bin/../libs/osgi-resource-locator-1.0.3.jar:/opt/homebrew/Cellar/kafka/3.9.0/libexec/bin/../libs/paranamer-2.8.jar:/opt/homebrew/Cellar/kafka/3.9.0/libexec/bin/../libs/pcollections-4.0.1.jar:/opt/homebrew/Cellar/kafka/3.9.0/libexec/bin/../libs/plexus-utils-3.5.1.jar:/opt/homebrew/Cellar/kafka/3.9.0/libexec/bin/../libs/protobuf-java-3.25.5.jar:/opt/homebrew/Cellar/kafka/3.9.0/libexec/bin/../libs/reflections-0.10.2.jar:/opt/homebrew/Cellar/kafka/3.9.0/libexec/bin/../libs/reload4j-1.2.25.jar:/opt/homebrew/Cellar/kafka/3.9.0/libexec/bin/../libs/rocksdbjni-7.9.2.jar:/opt/homebrew/Cellar/kafka/3.9.0/libexec/bin/../libs/scala-collection-compat_2.13-2.10.0.jar:/opt/homebrew/Cellar/kafka/3.9.0/libexec/bin/../libs/scala-java8-compat_2.13-1.0.2.jar:/opt/homebrew/Cellar/kafka/3.9.0/libexec/bin/../libs/scala-library-2.13.14.jar:/opt/homebrew/Cellar/kafka/3.9.0/libexec/bin/../libs/scala-logging_2.13-3.9.5.jar:/opt/homebrew/Cellar/kafka/3.9.0/libexec/bin/../libs/scala-reflect-2.13.14.jar:/opt/homebrew/Cellar/kafka/3.9.0/libexec/bin/../libs/slf4j-api-1.7.36.jar:/opt/homebrew/Cellar/kafka/3.9.0/libexec/bin/../libs/slf4j-reload4j-1.7.36.jar:/opt/homebrew/Cellar/kafka/3.9.0/libexec/bin/../libs/snappy-java-1.1.10.5.jar:/opt/homebrew/Cellar/kafka/3.9.0/libexec/bin/../libs/swagger-annotations-2.2.8.jar:/opt/homebrew/Cellar/kafka/3.9.0/libexec/bin/../libs/trogdor-3.9.0.jar:/opt/homebrew/Cellar/kafka/3.9.0/libexec/bin/../libs/zookeeper-3.8.4.jar:/opt/homebrew/Cellar/kafka/3.9.0/libexec/bin/../libs/zookeeper-jute-3.8.4.jar:/opt/homebrew/Cellar/kafka/3.9.0/libexec/bin/../libs/zstd-jni-1.5.6-4.jar (org.apache.zookeeper.server.ZooKeeperServer)
[2025-07-14 12:03:25,487] INFO Server environment:java.library.path=/Users/rohithverma/Library/Java/Extensions:/Library/Java/Extensions:/Network/Library/Java/Extensions:/System/Library/Java/Extensions:/usr/lib/java:. (org.apache.zookeeper.server.ZooKeeperServer)
[2025-07-14 12:03:25,488] INFO Server environment:java.io.tmpdir=/var/folders/w0/xq_s822s6cs5vmf8jhcszz940000gn/T/ (org.apache.zookeeper.server.ZooKeeperServer)
[2025-07-14 12:03:25,488] INFO Server environment:java.compiler=<NA> (org.apache.zookeeper.server.ZooKeeperServer)
[2025-07-14 12:03:25,488] INFO Server environment:os.name=Mac OS X (org.apache.zookeeper.server.ZooKeeperServer)
[2025-07-14 12:03:25,488] INFO Server environment:os.arch=aarch64 (org.apache.zookeeper.server.ZooKeeperServer)
[2025-07-14 12:03:25,488] INFO Server environment:os.version=15.5 (org.apache.zookeeper.server.ZooKeeperServer)
[2025-07-14 12:03:25,488] INFO Server environment:user.name=rohithverma (org.apache.zookeeper.server.ZooKeeperServer)
[2025-07-14 12:03:25,488] INFO Server environment:user.home=/Users/rohithverma (org.apache.zookeeper.server.ZooKeeperServer)
[2025-07-14 12:03:25,488] INFO Server environment:user.dir=/Users/rohithverma/Rohith/WebAppCourse/JavaSage2/task2 (org.apache.zookeeper.server.ZooKeeperServer)
[2025-07-14 12:03:25,488] INFO Server environment:os.memory.free=489MB (org.apache.zookeeper.server.ZooKeeperServer)
[2025-07-14 12:03:25,488] INFO Server environment:os.memory.max=512MB (org.apache.zookeeper.server.ZooKeeperServer)
[2025-07-14 12:03:25,488] INFO Server environment:os.memory.total=512MB (org.apache.zookeeper.server.ZooKeeperServer)
[2025-07-14 12:03:25,488] INFO zookeeper.enableEagerACLCheck = false (org.apache.zookeeper.server.ZooKeeperServer)
[2025-07-14 12:03:25,488] INFO zookeeper.digest.enabled = true (org.apache.zookeeper.server.ZooKeeperServer)
[2025-07-14 12:03:25,488] INFO zookeeper.closeSessionTxn.enabled = true (org.apache.zookeeper.server.ZooKeeperServer)
[2025-07-14 12:03:25,488] INFO zookeeper.flushDelay = 0 ms (org.apache.zookeeper.server.ZooKeeperServer)
[2025-07-14 12:03:25,488] INFO zookeeper.maxWriteQueuePollTime = 0 ms (org.apache.zookeeper.server.ZooKeeperServer)
[2025-07-14 12:03:25,488] INFO zookeeper.maxBatchSize=1000 (org.apache.zookeeper.server.ZooKeeperServer)
[2025-07-14 12:03:25,488] INFO zookeeper.intBufferStartingSizeBytes = 1024 (org.apache.zookeeper.server.ZooKeeperServer)
[2025-07-14 12:03:25,489] INFO Weighed connection throttling is disabled (org.apache.zookeeper.server.BlueThrottle)
[2025-07-14 12:03:25,489] INFO minSessionTimeout set to 6000 ms (org.apache.zookeeper.server.ZooKeeperServer)
[2025-07-14 12:03:25,489] INFO maxSessionTimeout set to 60000 ms (org.apache.zookeeper.server.ZooKeeperServer)
[2025-07-14 12:03:25,490] INFO getData response cache size is initialized with value 400. (org.apache.zookeeper.server.ResponseCache)
[2025-07-14 12:03:25,490] INFO getChildren response cache size is initialized with value 400. (org.apache.zookeeper.server.ResponseCache)
[2025-07-14 12:03:25,490] INFO zookeeper.pathStats.slotCapacity = 60 (org.apache.zookeeper.server.util.RequestPathMetricsCollector)
[2025-07-14 12:03:25,490] INFO zookeeper.pathStats.slotDuration = 15 (org.apache.zookeeper.server.util.RequestPathMetricsCollector)
[2025-07-14 12:03:25,490] INFO zookeeper.pathStats.maxDepth = 6 (org.apache.zookeeper.server.util.RequestPathMetricsCollector)
[2025-07-14 12:03:25,490] INFO zookeeper.pathStats.initialDelay = 5 (org.apache.zookeeper.server.util.RequestPathMetricsCollector)
[2025-07-14 12:03:25,490] INFO zookeeper.pathStats.delay = 5 (org.apache.zookeeper.server.util.RequestPathMetricsCollector)
[2025-07-14 12:03:25,490] INFO zookeeper.pathStats.enabled = false (org.apache.zookeeper.server.util.RequestPathMetricsCollector)
[2025-07-14 12:03:25,492] INFO The max bytes for all large requests are set to 104857600 (org.apache.zookeeper.server.ZooKeeperServer)
[2025-07-14 12:03:25,492] INFO The large request threshold is set to -1 (org.apache.zookeeper.server.ZooKeeperServer)
[2025-07-14 12:03:25,492] INFO zookeeper.enforce.auth.enabled = false (org.apache.zookeeper.server.AuthenticationHelper)
[2025-07-14 12:03:25,492] INFO zookeeper.enforce.auth.schemes = [] (org.apache.zookeeper.server.AuthenticationHelper)
[2025-07-14 12:03:25,492] INFO Created server with tickTime 3000 ms minSessionTimeout 6000 ms maxSessionTimeout 60000 ms clientPortListenBacklog -1 datadir /opt/homebrew/var/lib/zookeeper/version-2 snapdir /opt/homebrew/var/lib/zookeeper/version-2 (org.apache.zookeeper.server.ZooKeeperServer)
[2025-07-14 12:03:25,496] INFO Using org.apache.zookeeper.server.NIOServerCnxnFactory as server connection factory (org.apache.zookeeper.server.ServerCnxnFactory)
[2025-07-14 12:03:25,497] WARN maxCnxns is not configured, using default value 0. (org.apache.zookeeper.server.ServerCnxnFactory)
[2025-07-14 12:03:25,497] INFO Configuring NIO connection handler with 10s sessionless connection timeout, 2 selector thread(s), 16 worker threads, and 64 kB direct buffers. (org.apache.zookeeper.server.NIOServerCnxnFactory)
[2025-07-14 12:03:25,502] INFO binding to port 0.0.0.0/0.0.0.0:2181 (org.apache.zookeeper.server.NIOServerCnxnFactory)
[2025-07-14 12:03:25,509] INFO Using org.apache.zookeeper.server.watch.WatchManager as watch manager (org.apache.zookeeper.server.watch.WatchManagerFactory)
[2025-07-14 12:03:25,509] INFO Using org.apache.zookeeper.server.watch.WatchManager as watch manager (org.apache.zookeeper.server.watch.WatchManagerFactory)
[2025-07-14 12:03:25,509] INFO zookeeper.snapshotSizeFactor = 0.33 (org.apache.zookeeper.server.ZKDatabase)
[2025-07-14 12:03:25,509] INFO zookeeper.commitLogCount=500 (org.apache.zookeeper.server.ZKDatabase)
[2025-07-14 12:03:25,511] INFO zookeeper.snapshot.compression.method = CHECKED (org.apache.zookeeper.server.persistence.SnapStream)
[2025-07-14 12:03:25,511] INFO Reading snapshot /opt/homebrew/var/lib/zookeeper/version-2/snapshot.0 (org.apache.zookeeper.server.persistence.FileSnap)
[2025-07-14 12:03:25,516] INFO The digest value is empty in snapshot (org.apache.zookeeper.server.DataTree)
[2025-07-14 12:03:25,525] INFO 25 txns loaded in 6 ms (org.apache.zookeeper.server.persistence.FileTxnSnapLog)
[2025-07-14 12:03:25,525] INFO Snapshot loaded in 16 ms, highest zxid is 0x19, digest is 49901985811 (org.apache.zookeeper.server.ZKDatabase)
[2025-07-14 12:03:25,525] INFO Snapshotting: 0x19 to /opt/homebrew/var/lib/zookeeper/version-2/snapshot.19 (org.apache.zookeeper.server.persistence.FileTxnSnapLog)
[2025-07-14 12:03:25,526] INFO Snapshot taken in 0 ms (org.apache.zookeeper.server.ZooKeeperServer)
[2025-07-14 12:03:25,530] INFO PrepRequestProcessor (sid:0) started, reconfigEnabled=false (org.apache.zookeeper.server.PrepRequestProcessor)
[2025-07-14 12:03:25,530] INFO zookeeper.request_throttler.shutdownTimeout = 10000 ms (org.apache.zookeeper.server.RequestThrottler)
[2025-07-14 12:03:25,537] INFO Using checkIntervalMs=60000 maxPerMinute=10000 maxNeverUsedIntervalMs=0 (org.apache.zookeeper.server.ContainerManager)
[2025-07-14 12:03:25,537] INFO ZooKeeper audit is disabled. (org.apache.zookeeper.audit.ZKAuditProvider)
[2025-07-14 12:03:27,876] INFO Creating new log file: log.1a (org.apache.zookeeper.server.persistence.FileTxnLog)
